<?xml version="1.0" encoding="UTF-8"?>
<!-- Generated by org.testng.reporters.JUnitXMLReporter -->
<testsuite hostname="HICHEL69569" ignored="0" name="Free CRM App Test Cases" tests="9" failures="0" timestamp="16 Dec 2018 12:46:45 GMT" time="333.141" errors="0">
  <testcase name="verifyCRMLogoTest" time="0.109" classname="com.crm.qa.testcases.LoginPageTest"/>
  <testcase name="verifyLoginPageTest" time="11.744" classname="com.crm.qa.testcases.LoginPageTest"/>
  <testcase name="verifyTitleTest" time="0.007" classname="com.crm.qa.testcases.LoginPageTest"/>
  <testcase name="verifyContactsLabelTest" time="0.069" classname="com.crm.qa.testcases.HomePageTest"/>
  <testcase name="verifyNewContactLink" time="4.319" classname="com.crm.qa.testcases.HomePageTest"/>
  <testcase name="verifyTitleTest" time="0.005" classname="com.crm.qa.testcases.HomePageTest"/>
  <testcase name="verifyUserNameLabelTest" time="0.061" classname="com.crm.qa.testcases.HomePageTest"/>
  <testcase name="verifyCreateNewContactTest" time="7.609" classname="com.crm.qa.testcases.ContactsPageTest"/>
  <testcase name="verifyCreateNewContactTest" time="7.744" classname="com.crm.qa.testcases.ContactsPageTest"/>
</testsuite> <!-- Free CRM App Test Cases -->
