<?xml version="1.0" encoding="UTF-8"?>
<!-- Generated by org.testng.reporters.JUnitXMLReporter -->
<testsuite hostname="HICHEL69569" ignored="0" name="Default test" tests="3" failures="0" timestamp="16 Dec 2018 15:06:40 GMT" time="92.957" errors="0">
  <testcase name="verifyCRMLogoTest" time="0.124" classname="com.crm.qa.testcases.LoginPageTest"/>
  <testcase name="verifyLoginPageTest" time="14.076" classname="com.crm.qa.testcases.LoginPageTest"/>
  <testcase name="verifyTitleTest" time="0.016" classname="com.crm.qa.testcases.LoginPageTest"/>
</testsuite> <!-- Default test -->
